<?xml version="1.0" encoding="UTF-8"?>
<!-- Generated by org.testng.reporters.JUnitReportReporter -->
<testsuite hostname="LAPTOP-AI0OB3V3" failures="0" tests="1" name="Ecommerice.ValidateForgetPassord" time="20.438" errors="0" timestamp="2022-04-19T20:59:02 AST" skipped="0">
  <testcase classname="Ecommerice.ValidateForgetPassord" name="ForgetPasswordRetrieve" time="20.438"/>
  <system-out/>
</testsuite> <!-- Ecommerice.ValidateForgetPassord -->
