<?xml version="1.0" encoding="UTF-8"?>
<!-- Generated by org.testng.reporters.JUnitReportReporter -->
<testsuite hostname="LAPTOP-AI0OB3V3" failures="0" tests="1" name="Ecommerice.deleteItem" time="12.661" errors="0" timestamp="2022-04-24T12:34:23 AST" skipped="0">
  <testcase classname="Ecommerice.deleteItem" name="deleteShoppingItem" time="12.661"/>
  <system-out/>
</testsuite> <!-- Ecommerice.deleteItem -->
